mode: set
github.com/umatare5/cisco-wnc-exporter/internal/log/logger.go:13.41,20.37 3 1
github.com/umatare5/cisco-wnc-exporter/internal/log/logger.go:21.14,22.49 1 1
github.com/umatare5/cisco-wnc-exporter/internal/log/logger.go:23.14,24.49 1 1
github.com/umatare5/cisco-wnc-exporter/internal/log/logger.go:25.10,26.49 1 1
github.com/umatare5/cisco-wnc-exporter/internal/log/logger.go:29.2,29.26 1 1
github.com/umatare5/cisco-wnc-exporter/internal/log/logger.go:33.45,34.32 1 1
github.com/umatare5/cisco-wnc-exporter/internal/log/logger.go:35.15,36.25 1 1
github.com/umatare5/cisco-wnc-exporter/internal/log/logger.go:37.14,38.24 1 1
github.com/umatare5/cisco-wnc-exporter/internal/log/logger.go:39.25,40.24 1 1
github.com/umatare5/cisco-wnc-exporter/internal/log/logger.go:41.15,42.25 1 1
github.com/umatare5/cisco-wnc-exporter/internal/log/logger.go:43.10,44.24 1 1
github.com/umatare5/cisco-wnc-exporter/internal/cache/cache.go:19.59,24.2 1 1
github.com/umatare5/cisco-wnc-exporter/internal/cache/cache.go:26.66,29.17 2 1
github.com/umatare5/cisco-wnc-exporter/internal/cache/cache.go:29.17,33.3 3 1
github.com/umatare5/cisco-wnc-exporter/internal/cache/cache.go:34.2,40.17 4 1
github.com/umatare5/cisco-wnc-exporter/internal/cache/cache.go:40.17,42.3 1 0
github.com/umatare5/cisco-wnc-exporter/internal/cache/cache.go:44.2,48.16 4 1
github.com/umatare5/cisco-wnc-exporter/internal/cache/cache.go:48.16,51.3 2 1
github.com/umatare5/cisco-wnc-exporter/internal/cache/cache.go:53.2,57.18 4 1
github.com/umatare5/cisco-wnc-exporter/internal/cache/cache.go:62.35,64.2 1 1
github.com/umatare5/cisco-wnc-exporter/internal/cache/cache.go:68.42,72.17 3 1
github.com/umatare5/cisco-wnc-exporter/internal/cache/cache.go:72.17,74.3 1 1
github.com/umatare5/cisco-wnc-exporter/internal/cache/cache.go:76.2,77.20 2 1
github.com/umatare5/cisco-wnc-exporter/internal/cache/cache.go:81.33,87.2 4 1
github.com/umatare5/cisco-wnc-exporter/internal/cache/cache.go:90.46,96.2 4 1
github.com/umatare5/cisco-wnc-exporter/internal/config/config.go:128.47,179.39 2 0
github.com/umatare5/cisco-wnc-exporter/internal/config/config.go:179.39,181.3 1 0
github.com/umatare5/cisco-wnc-exporter/internal/config/config.go:183.2,183.17 1 0
github.com/umatare5/cisco-wnc-exporter/internal/config/config.go:187.35,228.39 2 1
github.com/umatare5/cisco-wnc-exporter/internal/config/config.go:228.39,229.21 1 1
github.com/umatare5/cisco-wnc-exporter/internal/config/config.go:229.21,231.4 1 1
github.com/umatare5/cisco-wnc-exporter/internal/config/config.go:235.2,235.56 1 1
github.com/umatare5/cisco-wnc-exporter/internal/config/config.go:235.56,237.3 1 1
github.com/umatare5/cisco-wnc-exporter/internal/config/config.go:239.2,239.12 1 1
github.com/umatare5/cisco-wnc-exporter/internal/config/config.go:243.40,244.38 1 1
github.com/umatare5/cisco-wnc-exporter/internal/config/config.go:245.15,246.25 1 1
github.com/umatare5/cisco-wnc-exporter/internal/config/config.go:247.14,248.24 1 1
github.com/umatare5/cisco-wnc-exporter/internal/config/config.go:249.14,250.24 1 1
github.com/umatare5/cisco-wnc-exporter/internal/config/config.go:251.15,252.25 1 1
github.com/umatare5/cisco-wnc-exporter/internal/config/config.go:253.10,254.24 1 1
github.com/umatare5/cisco-wnc-exporter/internal/config/config.go:259.41,262.2 2 1
github.com/umatare5/cisco-wnc-exporter/internal/config/config.go:265.43,268.2 2 1
github.com/umatare5/cisco-wnc-exporter/internal/config/config.go:271.49,273.2 1 1
github.com/umatare5/cisco-wnc-exporter/internal/config/config.go:276.49,278.31 2 1
github.com/umatare5/cisco-wnc-exporter/internal/config/config.go:278.31,280.3 1 1
github.com/umatare5/cisco-wnc-exporter/internal/config/config.go:281.2,281.15 1 1
github.com/umatare5/cisco-wnc-exporter/internal/config/config.go:285.51,286.21 1 1
github.com/umatare5/cisco-wnc-exporter/internal/config/config.go:286.21,288.3 1 1
github.com/umatare5/cisco-wnc-exporter/internal/config/config.go:290.2,293.68 2 1
github.com/umatare5/cisco-wnc-exporter/internal/config/config.go:293.68,294.34 1 1
github.com/umatare5/cisco-wnc-exporter/internal/config/config.go:294.34,296.4 1 1
github.com/umatare5/cisco-wnc-exporter/internal/config/config.go:298.2,298.15 1 1
github.com/umatare5/cisco-wnc-exporter/internal/config/config.go:302.55,303.21 1 1
github.com/umatare5/cisco-wnc-exporter/internal/config/config.go:303.21,305.3 1 1
github.com/umatare5/cisco-wnc-exporter/internal/config/config.go:307.2,310.72 2 1
github.com/umatare5/cisco-wnc-exporter/internal/config/config.go:310.72,311.34 1 1
github.com/umatare5/cisco-wnc-exporter/internal/config/config.go:311.34,313.4 1 1
github.com/umatare5/cisco-wnc-exporter/internal/config/config.go:315.2,315.15 1 1
github.com/umatare5/cisco-wnc-exporter/internal/config/config.go:319.53,320.21 1 1
github.com/umatare5/cisco-wnc-exporter/internal/config/config.go:320.21,322.3 1 1
github.com/umatare5/cisco-wnc-exporter/internal/config/config.go:324.2,327.70 2 1
github.com/umatare5/cisco-wnc-exporter/internal/config/config.go:327.70,328.34 1 1
github.com/umatare5/cisco-wnc-exporter/internal/config/config.go:328.34,330.4 1 1
github.com/umatare5/cisco-wnc-exporter/internal/config/config.go:332.2,332.15 1 1
github.com/umatare5/cisco-wnc-exporter/internal/config/config.go:336.54,338.26 1 1
github.com/umatare5/cisco-wnc-exporter/internal/config/config.go:338.26,342.69 2 1
github.com/umatare5/cisco-wnc-exporter/internal/config/config.go:342.69,343.55 1 1
github.com/umatare5/cisco-wnc-exporter/internal/config/config.go:343.55,345.5 1 1
github.com/umatare5/cisco-wnc-exporter/internal/config/config.go:349.3,349.52 1 1
github.com/umatare5/cisco-wnc-exporter/internal/config/config.go:349.52,350.43 1 1
github.com/umatare5/cisco-wnc-exporter/internal/config/config.go:350.43,356.5 1 1
github.com/umatare5/cisco-wnc-exporter/internal/config/config.go:361.2,361.30 1 1
github.com/umatare5/cisco-wnc-exporter/internal/config/config.go:361.30,365.73 2 1
github.com/umatare5/cisco-wnc-exporter/internal/config/config.go:365.73,366.59 1 1
github.com/umatare5/cisco-wnc-exporter/internal/config/config.go:366.59,368.5 1 1
github.com/umatare5/cisco-wnc-exporter/internal/config/config.go:372.3,372.56 1 1
github.com/umatare5/cisco-wnc-exporter/internal/config/config.go:372.56,373.47 1 1
github.com/umatare5/cisco-wnc-exporter/internal/config/config.go:373.47,379.5 1 1
github.com/umatare5/cisco-wnc-exporter/internal/config/config.go:384.2,384.28 1 1
github.com/umatare5/cisco-wnc-exporter/internal/config/config.go:384.28,388.71 2 1
github.com/umatare5/cisco-wnc-exporter/internal/config/config.go:388.71,389.57 1 1
github.com/umatare5/cisco-wnc-exporter/internal/config/config.go:389.57,391.5 1 1
github.com/umatare5/cisco-wnc-exporter/internal/config/config.go:395.3,395.54 1 1
github.com/umatare5/cisco-wnc-exporter/internal/config/config.go:395.54,396.45 1 1
github.com/umatare5/cisco-wnc-exporter/internal/config/config.go:396.45,402.5 1 1
github.com/umatare5/cisco-wnc-exporter/internal/config/config.go:406.2,406.12 1 1
github.com/umatare5/cisco-wnc-exporter/internal/wnc/ap.go:27.56,31.2 1 1
github.com/umatare5/cisco-wnc-exporter/internal/wnc/ap.go:34.80,36.16 2 1
github.com/umatare5/cisco-wnc-exporter/internal/wnc/ap.go:36.16,38.3 1 1
github.com/umatare5/cisco-wnc-exporter/internal/wnc/ap.go:39.2,39.29 1 1
github.com/umatare5/cisco-wnc-exporter/internal/wnc/ap.go:43.78,45.16 2 1
github.com/umatare5/cisco-wnc-exporter/internal/wnc/ap.go:45.16,47.3 1 1
github.com/umatare5/cisco-wnc-exporter/internal/wnc/ap.go:48.2,48.29 1 1
github.com/umatare5/cisco-wnc-exporter/internal/wnc/ap.go:52.82,54.16 2 1
github.com/umatare5/cisco-wnc-exporter/internal/wnc/ap.go:54.16,56.3 1 1
github.com/umatare5/cisco-wnc-exporter/internal/wnc/ap.go:57.2,57.32 1 1
github.com/umatare5/cisco-wnc-exporter/internal/wnc/ap.go:61.88,63.16 2 1
github.com/umatare5/cisco-wnc-exporter/internal/wnc/ap.go:63.16,65.3 1 1
github.com/umatare5/cisco-wnc-exporter/internal/wnc/ap.go:66.2,66.33 1 1
github.com/umatare5/cisco-wnc-exporter/internal/wnc/ap.go:70.90,72.16 2 1
github.com/umatare5/cisco-wnc-exporter/internal/wnc/ap.go:72.16,74.3 1 1
github.com/umatare5/cisco-wnc-exporter/internal/wnc/ap.go:75.2,75.34 1 1
github.com/umatare5/cisco-wnc-exporter/internal/wnc/ap.go:79.84,81.16 2 1
github.com/umatare5/cisco-wnc-exporter/internal/wnc/ap.go:81.16,83.3 1 1
github.com/umatare5/cisco-wnc-exporter/internal/wnc/ap.go:84.2,84.30 1 1
github.com/umatare5/cisco-wnc-exporter/internal/wnc/cache.go:64.47,69.2 1 1
github.com/umatare5/cisco-wnc-exporter/internal/wnc/cache.go:71.80,72.51 1 1
github.com/umatare5/cisco-wnc-exporter/internal/wnc/cache.go:72.51,74.17 2 1
github.com/umatare5/cisco-wnc-exporter/internal/wnc/cache.go:74.17,76.4 1 1
github.com/umatare5/cisco-wnc-exporter/internal/wnc/cache.go:77.3,77.19 1 1
github.com/umatare5/cisco-wnc-exporter/internal/wnc/cache.go:81.79,86.72 2 1
github.com/umatare5/cisco-wnc-exporter/internal/wnc/cache.go:86.72,88.18 2 1
github.com/umatare5/cisco-wnc-exporter/internal/wnc/cache.go:88.18,90.5 1 1
github.com/umatare5/cisco-wnc-exporter/internal/wnc/cache.go:91.4,97.14 3 1
github.com/umatare5/cisco-wnc-exporter/internal/wnc/cache.go:99.77,101.18 2 1
github.com/umatare5/cisco-wnc-exporter/internal/wnc/cache.go:101.18,103.5 1 0
github.com/umatare5/cisco-wnc-exporter/internal/wnc/cache.go:104.4,110.14 3 1
github.com/umatare5/cisco-wnc-exporter/internal/wnc/cache.go:112.80,114.18 2 1
github.com/umatare5/cisco-wnc-exporter/internal/wnc/cache.go:114.18,116.5 1 0
github.com/umatare5/cisco-wnc-exporter/internal/wnc/cache.go:117.4,123.14 3 1
github.com/umatare5/cisco-wnc-exporter/internal/wnc/cache.go:125.85,127.18 2 1
github.com/umatare5/cisco-wnc-exporter/internal/wnc/cache.go:127.18,129.5 1 0
github.com/umatare5/cisco-wnc-exporter/internal/wnc/cache.go:130.4,136.14 3 1
github.com/umatare5/cisco-wnc-exporter/internal/wnc/cache.go:138.79,140.18 2 1
github.com/umatare5/cisco-wnc-exporter/internal/wnc/cache.go:140.18,142.5 1 0
github.com/umatare5/cisco-wnc-exporter/internal/wnc/cache.go:143.4,149.14 3 1
github.com/umatare5/cisco-wnc-exporter/internal/wnc/cache.go:151.89,153.18 2 1
github.com/umatare5/cisco-wnc-exporter/internal/wnc/cache.go:153.18,155.5 1 0
github.com/umatare5/cisco-wnc-exporter/internal/wnc/cache.go:156.4,156.49 1 1
github.com/umatare5/cisco-wnc-exporter/internal/wnc/cache.go:156.49,158.5 1 1
github.com/umatare5/cisco-wnc-exporter/internal/wnc/cache.go:158.10,160.5 1 0
github.com/umatare5/cisco-wnc-exporter/internal/wnc/cache.go:161.4,166.14 2 1
github.com/umatare5/cisco-wnc-exporter/internal/wnc/cache.go:168.76,170.18 2 1
github.com/umatare5/cisco-wnc-exporter/internal/wnc/cache.go:170.18,172.5 1 0
github.com/umatare5/cisco-wnc-exporter/internal/wnc/cache.go:173.4,173.47 1 1
github.com/umatare5/cisco-wnc-exporter/internal/wnc/cache.go:173.47,175.5 1 1
github.com/umatare5/cisco-wnc-exporter/internal/wnc/cache.go:175.10,177.5 1 0
github.com/umatare5/cisco-wnc-exporter/internal/wnc/cache.go:178.4,179.14 2 1
github.com/umatare5/cisco-wnc-exporter/internal/wnc/cache.go:181.87,183.18 2 1
github.com/umatare5/cisco-wnc-exporter/internal/wnc/cache.go:183.18,185.5 1 0
github.com/umatare5/cisco-wnc-exporter/internal/wnc/cache.go:186.4,186.52 1 1
github.com/umatare5/cisco-wnc-exporter/internal/wnc/cache.go:186.52,188.5 1 1
github.com/umatare5/cisco-wnc-exporter/internal/wnc/cache.go:188.10,190.5 1 0
github.com/umatare5/cisco-wnc-exporter/internal/wnc/cache.go:191.4,192.14 2 1
github.com/umatare5/cisco-wnc-exporter/internal/wnc/cache.go:194.76,196.18 2 1
github.com/umatare5/cisco-wnc-exporter/internal/wnc/cache.go:196.18,198.5 1 0
github.com/umatare5/cisco-wnc-exporter/internal/wnc/cache.go:199.4,205.14 3 1
github.com/umatare5/cisco-wnc-exporter/internal/wnc/cache.go:207.91,209.18 2 1
github.com/umatare5/cisco-wnc-exporter/internal/wnc/cache.go:209.18,211.5 1 0
github.com/umatare5/cisco-wnc-exporter/internal/wnc/cache.go:212.4,218.14 3 1
github.com/umatare5/cisco-wnc-exporter/internal/wnc/cache.go:220.76,222.18 2 1
github.com/umatare5/cisco-wnc-exporter/internal/wnc/cache.go:222.18,224.5 1 0
github.com/umatare5/cisco-wnc-exporter/internal/wnc/cache.go:225.4,229.14 3 1
github.com/umatare5/cisco-wnc-exporter/internal/wnc/cache.go:231.76,233.18 2 1
github.com/umatare5/cisco-wnc-exporter/internal/wnc/cache.go:233.18,235.5 1 0
github.com/umatare5/cisco-wnc-exporter/internal/wnc/cache.go:236.4,242.14 3 1
github.com/umatare5/cisco-wnc-exporter/internal/wnc/cache.go:244.83,246.18 2 1
github.com/umatare5/cisco-wnc-exporter/internal/wnc/cache.go:246.18,248.5 1 0
github.com/umatare5/cisco-wnc-exporter/internal/wnc/cache.go:249.4,255.14 3 1
github.com/umatare5/cisco-wnc-exporter/internal/wnc/cache.go:257.86,259.18 2 1
github.com/umatare5/cisco-wnc-exporter/internal/wnc/cache.go:259.18,261.5 1 0
github.com/umatare5/cisco-wnc-exporter/internal/wnc/cache.go:262.4,268.14 3 1
github.com/umatare5/cisco-wnc-exporter/internal/wnc/cache.go:270.80,272.18 2 1
github.com/umatare5/cisco-wnc-exporter/internal/wnc/cache.go:272.18,274.5 1 0
github.com/umatare5/cisco-wnc-exporter/internal/wnc/cache.go:275.4,281.14 3 1
github.com/umatare5/cisco-wnc-exporter/internal/wnc/cache.go:283.86,285.18 2 1
github.com/umatare5/cisco-wnc-exporter/internal/wnc/cache.go:285.18,287.5 1 0
github.com/umatare5/cisco-wnc-exporter/internal/wnc/cache.go:288.4,294.14 3 1
github.com/umatare5/cisco-wnc-exporter/internal/wnc/cache.go:296.76,298.18 2 1
github.com/umatare5/cisco-wnc-exporter/internal/wnc/cache.go:298.18,300.5 1 0
github.com/umatare5/cisco-wnc-exporter/internal/wnc/cache.go:301.4,307.14 3 1
github.com/umatare5/cisco-wnc-exporter/internal/wnc/cache.go:309.77,311.18 2 1
github.com/umatare5/cisco-wnc-exporter/internal/wnc/cache.go:311.18,313.5 1 0
github.com/umatare5/cisco-wnc-exporter/internal/wnc/cache.go:314.4,320.14 3 1
github.com/umatare5/cisco-wnc-exporter/internal/wnc/cache.go:325.2,325.29 1 1
github.com/umatare5/cisco-wnc-exporter/internal/wnc/cache.go:325.29,326.44 1 1
github.com/umatare5/cisco-wnc-exporter/internal/wnc/cache.go:326.44,327.18 1 1
github.com/umatare5/cisco-wnc-exporter/internal/wnc/cache.go:327.18,329.5 1 1
github.com/umatare5/cisco-wnc-exporter/internal/wnc/cache.go:330.4,330.78 1 0
github.com/umatare5/cisco-wnc-exporter/internal/wnc/cache.go:334.2,334.18 1 1
github.com/umatare5/cisco-wnc-exporter/internal/wnc/client.go:27.64,31.2 1 1
github.com/umatare5/cisco-wnc-exporter/internal/wnc/client.go:34.92,36.16 2 1
github.com/umatare5/cisco-wnc-exporter/internal/wnc/client.go:36.16,38.3 1 1
github.com/umatare5/cisco-wnc-exporter/internal/wnc/client.go:39.2,39.33 1 1
github.com/umatare5/cisco-wnc-exporter/internal/wnc/client.go:43.84,45.16 2 1
github.com/umatare5/cisco-wnc-exporter/internal/wnc/client.go:45.16,47.3 1 1
github.com/umatare5/cisco-wnc-exporter/internal/wnc/client.go:48.2,48.25 1 1
github.com/umatare5/cisco-wnc-exporter/internal/wnc/client.go:52.90,54.16 2 1
github.com/umatare5/cisco-wnc-exporter/internal/wnc/client.go:54.16,56.3 1 1
github.com/umatare5/cisco-wnc-exporter/internal/wnc/client.go:57.2,57.32 1 1
github.com/umatare5/cisco-wnc-exporter/internal/wnc/client.go:61.87,63.16 2 1
github.com/umatare5/cisco-wnc-exporter/internal/wnc/client.go:63.16,65.3 1 1
github.com/umatare5/cisco-wnc-exporter/internal/wnc/client.go:66.2,66.28 1 1
github.com/umatare5/cisco-wnc-exporter/internal/wnc/client.go:70.92,72.16 2 1
github.com/umatare5/cisco-wnc-exporter/internal/wnc/client.go:72.16,74.3 1 1
github.com/umatare5/cisco-wnc-exporter/internal/wnc/client.go:75.2,75.31 1 1
github.com/umatare5/cisco-wnc-exporter/internal/wnc/client.go:79.100,81.16 2 1
github.com/umatare5/cisco-wnc-exporter/internal/wnc/client.go:81.16,83.3 1 1
github.com/umatare5/cisco-wnc-exporter/internal/wnc/client.go:84.2,84.36 1 1
github.com/umatare5/cisco-wnc-exporter/internal/wnc/rrm.go:24.58,28.2 1 1
github.com/umatare5/cisco-wnc-exporter/internal/wnc/rrm.go:31.91,33.16 2 1
github.com/umatare5/cisco-wnc-exporter/internal/wnc/rrm.go:33.16,35.3 1 1
github.com/umatare5/cisco-wnc-exporter/internal/wnc/rrm.go:36.2,36.34 1 1
github.com/umatare5/cisco-wnc-exporter/internal/wnc/rrm.go:40.84,42.16 2 1
github.com/umatare5/cisco-wnc-exporter/internal/wnc/rrm.go:42.16,44.3 1 1
github.com/umatare5/cisco-wnc-exporter/internal/wnc/rrm.go:45.2,45.30 1 1
github.com/umatare5/cisco-wnc-exporter/internal/wnc/rrm.go:49.94,51.16 2 1
github.com/umatare5/cisco-wnc-exporter/internal/wnc/rrm.go:51.16,53.3 1 1
github.com/umatare5/cisco-wnc-exporter/internal/wnc/rrm.go:54.2,54.35 1 1
github.com/umatare5/cisco-wnc-exporter/internal/wnc/wlan.go:24.60,28.2 1 1
github.com/umatare5/cisco-wnc-exporter/internal/wnc/wlan.go:31.90,33.16 2 1
github.com/umatare5/cisco-wnc-exporter/internal/wnc/wlan.go:33.16,35.3 1 1
github.com/umatare5/cisco-wnc-exporter/internal/wnc/wlan.go:36.2,36.36 1 1
github.com/umatare5/cisco-wnc-exporter/internal/wnc/wlan.go:40.83,42.16 2 1
github.com/umatare5/cisco-wnc-exporter/internal/wnc/wlan.go:42.16,44.3 1 1
github.com/umatare5/cisco-wnc-exporter/internal/wnc/wlan.go:45.2,45.31 1 1
github.com/umatare5/cisco-wnc-exporter/internal/wnc/wlan.go:49.97,51.16 2 1
github.com/umatare5/cisco-wnc-exporter/internal/wnc/wlan.go:51.16,53.3 1 1
github.com/umatare5/cisco-wnc-exporter/internal/wnc/wlan.go:54.2,54.40 1 1
github.com/umatare5/cisco-wnc-exporter/internal/wnc/wnc_client.go:12.50,20.16 3 1
github.com/umatare5/cisco-wnc-exporter/internal/wnc/wnc_client.go:20.16,21.61 1 0
github.com/umatare5/cisco-wnc-exporter/internal/wnc/wnc_client.go:24.2,24.18 1 1
github.com/umatare5/cisco-wnc-exporter/internal/collector/ap.go:88.16,99.18 4 1
github.com/umatare5/cisco-wnc-exporter/internal/collector/ap.go:99.18,109.3 5 1
github.com/umatare5/cisco-wnc-exporter/internal/collector/ap.go:111.2,111.21 1 1
github.com/umatare5/cisco-wnc-exporter/internal/collector/ap.go:111.21,142.3 5 1
github.com/umatare5/cisco-wnc-exporter/internal/collector/ap.go:144.2,144.19 1 1
github.com/umatare5/cisco-wnc-exporter/internal/collector/ap.go:144.19,169.3 4 1
github.com/umatare5/cisco-wnc-exporter/internal/collector/ap.go:171.2,171.19 1 1
github.com/umatare5/cisco-wnc-exporter/internal/collector/ap.go:171.19,208.3 6 1
github.com/umatare5/cisco-wnc-exporter/internal/collector/ap.go:210.2,210.21 1 1
github.com/umatare5/cisco-wnc-exporter/internal/collector/ap.go:210.21,223.3 2 1
github.com/umatare5/cisco-wnc-exporter/internal/collector/ap.go:225.2,225.21 1 1
github.com/umatare5/cisco-wnc-exporter/internal/collector/ap.go:225.21,310.3 14 1
github.com/umatare5/cisco-wnc-exporter/internal/collector/ap.go:312.2,312.20 1 1
github.com/umatare5/cisco-wnc-exporter/internal/collector/ap.go:312.20,409.3 16 1
github.com/umatare5/cisco-wnc-exporter/internal/collector/ap.go:410.2,410.18 1 1
github.com/umatare5/cisco-wnc-exporter/internal/collector/ap.go:414.60,415.23 1 1
github.com/umatare5/cisco-wnc-exporter/internal/collector/ap.go:415.23,423.3 7 1
github.com/umatare5/cisco-wnc-exporter/internal/collector/ap.go:424.2,424.21 1 1
github.com/umatare5/cisco-wnc-exporter/internal/collector/ap.go:424.21,435.3 10 1
github.com/umatare5/cisco-wnc-exporter/internal/collector/ap.go:436.2,436.23 1 1
github.com/umatare5/cisco-wnc-exporter/internal/collector/ap.go:436.23,451.3 14 1
github.com/umatare5/cisco-wnc-exporter/internal/collector/ap.go:452.2,452.22 1 1
github.com/umatare5/cisco-wnc-exporter/internal/collector/ap.go:452.22,469.3 16 1
github.com/umatare5/cisco-wnc-exporter/internal/collector/ap.go:470.2,470.20 1 1
github.com/umatare5/cisco-wnc-exporter/internal/collector/ap.go:470.20,472.3 1 1
github.com/umatare5/cisco-wnc-exporter/internal/collector/ap.go:476.60,479.33 2 1
github.com/umatare5/cisco-wnc-exporter/internal/collector/ap.go:479.33,481.3 1 1
github.com/umatare5/cisco-wnc-exporter/internal/collector/ap.go:483.2,485.16 3 1
github.com/umatare5/cisco-wnc-exporter/internal/collector/ap.go:485.16,487.3 1 1
github.com/umatare5/cisco-wnc-exporter/internal/collector/ap.go:488.2,492.16 4 1
github.com/umatare5/cisco-wnc-exporter/internal/collector/ap.go:492.16,494.3 1 1
github.com/umatare5/cisco-wnc-exporter/internal/collector/ap.go:495.2,498.52 3 1
github.com/umatare5/cisco-wnc-exporter/internal/collector/ap.go:498.52,500.17 2 0
github.com/umatare5/cisco-wnc-exporter/internal/collector/ap.go:500.17,502.4 1 0
github.com/umatare5/cisco-wnc-exporter/internal/collector/ap.go:503.3,503.61 1 0
github.com/umatare5/cisco-wnc-exporter/internal/collector/ap.go:506.2,507.34 2 1
github.com/umatare5/cisco-wnc-exporter/internal/collector/ap.go:507.34,509.17 2 1
github.com/umatare5/cisco-wnc-exporter/internal/collector/ap.go:509.17,511.4 1 1
github.com/umatare5/cisco-wnc-exporter/internal/collector/ap.go:512.3,512.49 1 1
github.com/umatare5/cisco-wnc-exporter/internal/collector/ap.go:515.2,518.32 4 1
github.com/umatare5/cisco-wnc-exporter/internal/collector/ap.go:518.32,520.17 2 1
github.com/umatare5/cisco-wnc-exporter/internal/collector/ap.go:520.17,522.4 1 1
github.com/umatare5/cisco-wnc-exporter/internal/collector/ap.go:523.3,523.64 1 1
github.com/umatare5/cisco-wnc-exporter/internal/collector/ap.go:526.2,527.33 2 1
github.com/umatare5/cisco-wnc-exporter/internal/collector/ap.go:527.33,529.17 2 0
github.com/umatare5/cisco-wnc-exporter/internal/collector/ap.go:529.17,531.4 1 0
github.com/umatare5/cisco-wnc-exporter/internal/collector/ap.go:531.9,533.4 1 0
github.com/umatare5/cisco-wnc-exporter/internal/collector/ap.go:535.3,536.17 2 0
github.com/umatare5/cisco-wnc-exporter/internal/collector/ap.go:536.17,538.4 1 0
github.com/umatare5/cisco-wnc-exporter/internal/collector/ap.go:538.9,540.4 1 0
github.com/umatare5/cisco-wnc-exporter/internal/collector/ap.go:542.3,543.17 2 0
github.com/umatare5/cisco-wnc-exporter/internal/collector/ap.go:543.17,545.4 1 0
github.com/umatare5/cisco-wnc-exporter/internal/collector/ap.go:545.9,547.4 1 0
github.com/umatare5/cisco-wnc-exporter/internal/collector/ap.go:550.2,550.34 1 1
github.com/umatare5/cisco-wnc-exporter/internal/collector/ap.go:550.34,551.33 1 1
github.com/umatare5/cisco-wnc-exporter/internal/collector/ap.go:551.33,553.4 1 0
github.com/umatare5/cisco-wnc-exporter/internal/collector/ap.go:556.2,556.37 1 1
github.com/umatare5/cisco-wnc-exporter/internal/collector/ap.go:556.37,557.24 1 0
github.com/umatare5/cisco-wnc-exporter/internal/collector/ap.go:557.24,559.4 1 0
github.com/umatare5/cisco-wnc-exporter/internal/collector/ap.go:560.3,560.22 1 0
github.com/umatare5/cisco-wnc-exporter/internal/collector/ap.go:560.22,562.4 1 0
github.com/umatare5/cisco-wnc-exporter/internal/collector/ap.go:563.3,563.24 1 0
github.com/umatare5/cisco-wnc-exporter/internal/collector/ap.go:563.24,565.4 1 0
github.com/umatare5/cisco-wnc-exporter/internal/collector/ap.go:566.3,566.23 1 0
github.com/umatare5/cisco-wnc-exporter/internal/collector/ap.go:566.23,571.4 1 0
github.com/umatare5/cisco-wnc-exporter/internal/collector/ap.go:572.3,572.21 1 0
github.com/umatare5/cisco-wnc-exporter/internal/collector/ap.go:572.21,574.4 1 0
github.com/umatare5/cisco-wnc-exporter/internal/collector/ap.go:584.3,594.33 3 0
github.com/umatare5/cisco-wnc-exporter/internal/collector/ap.go:594.33,596.3 1 0
github.com/umatare5/cisco-wnc-exporter/internal/collector/ap.go:603.3,612.33 3 1
github.com/umatare5/cisco-wnc-exporter/internal/collector/ap.go:612.33,614.3 1 1
github.com/umatare5/cisco-wnc-exporter/internal/collector/ap.go:622.3,628.55 5 1
github.com/umatare5/cisco-wnc-exporter/internal/collector/ap.go:628.55,629.51 1 0
github.com/umatare5/cisco-wnc-exporter/internal/collector/ap.go:629.51,631.4 1 0
github.com/umatare5/cisco-wnc-exporter/internal/collector/ap.go:634.2,636.34 2 1
github.com/umatare5/cisco-wnc-exporter/internal/collector/ap.go:636.34,641.3 1 0
github.com/umatare5/cisco-wnc-exporter/internal/collector/ap.go:643.2,643.27 1 1
github.com/umatare5/cisco-wnc-exporter/internal/collector/ap.go:643.27,648.3 1 0
github.com/umatare5/cisco-wnc-exporter/internal/collector/ap.go:650.2,650.52 1 1
github.com/umatare5/cisco-wnc-exporter/internal/collector/ap.go:650.52,657.45 2 0
github.com/umatare5/cisco-wnc-exporter/internal/collector/ap.go:657.45,661.4 1 0
github.com/umatare5/cisco-wnc-exporter/internal/collector/ap.go:664.2,668.33 2 1
github.com/umatare5/cisco-wnc-exporter/internal/collector/ap.go:668.33,670.3 1 1
github.com/umatare5/cisco-wnc-exporter/internal/collector/ap.go:677.3,679.9 2 1
github.com/umatare5/cisco-wnc-exporter/internal/collector/ap.go:679.9,681.3 1 0
github.com/umatare5/cisco-wnc-exporter/internal/collector/ap.go:683.2,703.40 4 1
github.com/umatare5/cisco-wnc-exporter/internal/collector/ap.go:703.40,705.3 1 1
github.com/umatare5/cisco-wnc-exporter/internal/collector/ap.go:715.3,717.9 2 1
github.com/umatare5/cisco-wnc-exporter/internal/collector/ap.go:717.9,719.3 1 0
github.com/umatare5/cisco-wnc-exporter/internal/collector/ap.go:721.2,725.87 4 1
github.com/umatare5/cisco-wnc-exporter/internal/collector/ap.go:725.87,727.3 1 0
github.com/umatare5/cisco-wnc-exporter/internal/collector/ap.go:729.2,730.57 2 1
github.com/umatare5/cisco-wnc-exporter/internal/collector/ap.go:730.57,732.3 1 0
github.com/umatare5/cisco-wnc-exporter/internal/collector/ap.go:734.2,735.55 2 1
github.com/umatare5/cisco-wnc-exporter/internal/collector/ap.go:735.55,736.79 1 0
github.com/umatare5/cisco-wnc-exporter/internal/collector/ap.go:736.79,738.4 1 0
github.com/umatare5/cisco-wnc-exporter/internal/collector/ap.go:741.2,760.38 2 1
github.com/umatare5/cisco-wnc-exporter/internal/collector/ap.go:760.38,762.3 1 1
github.com/umatare5/cisco-wnc-exporter/internal/collector/ap.go:769.3,770.23 1 1
github.com/umatare5/cisco-wnc-exporter/internal/collector/ap.go:770.23,772.3 1 0
github.com/umatare5/cisco-wnc-exporter/internal/collector/ap.go:774.2,775.13 2 1
github.com/umatare5/cisco-wnc-exporter/internal/collector/ap.go:775.13,777.3 1 0
github.com/umatare5/cisco-wnc-exporter/internal/collector/ap.go:779.2,788.41 8 1
github.com/umatare5/cisco-wnc-exporter/internal/collector/ap.go:788.41,789.16 1 1
github.com/umatare5/cisco-wnc-exporter/internal/collector/ap.go:790.17,791.28 1 1
github.com/umatare5/cisco-wnc-exporter/internal/collector/ap.go:792.18,793.27 1 1
github.com/umatare5/cisco-wnc-exporter/internal/collector/ap.go:794.16,795.29 1 1
github.com/umatare5/cisco-wnc-exporter/internal/collector/ap.go:796.19,797.25 1 1
github.com/umatare5/cisco-wnc-exporter/internal/collector/ap.go:798.18,799.20 1 1
github.com/umatare5/cisco-wnc-exporter/internal/collector/ap.go:800.19,801.21 1 1
github.com/umatare5/cisco-wnc-exporter/internal/collector/ap.go:802.20,803.22 1 1
github.com/umatare5/cisco-wnc-exporter/internal/collector/ap.go:804.23,805.25 1 1
github.com/umatare5/cisco-wnc-exporter/internal/collector/ap.go:806.20,807.22 1 1
github.com/umatare5/cisco-wnc-exporter/internal/collector/ap.go:808.11,809.18 1 0
github.com/umatare5/cisco-wnc-exporter/internal/collector/ap.go:813.2,813.86 1 1
github.com/umatare5/cisco-wnc-exporter/internal/collector/ap.go:816.74,818.36 2 1
github.com/umatare5/cisco-wnc-exporter/internal/collector/ap.go:818.36,820.3 1 1
github.com/umatare5/cisco-wnc-exporter/internal/collector/ap.go:821.2,821.18 1 1
github.com/umatare5/cisco-wnc-exporter/internal/collector/ap.go:824.83,826.34 2 1
github.com/umatare5/cisco-wnc-exporter/internal/collector/ap.go:826.34,829.3 2 1
github.com/umatare5/cisco-wnc-exporter/internal/collector/ap.go:830.2,830.17 1 1
github.com/umatare5/cisco-wnc-exporter/internal/collector/ap.go:833.102,835.39 2 1
github.com/umatare5/cisco-wnc-exporter/internal/collector/ap.go:835.39,836.35 1 1
github.com/umatare5/cisco-wnc-exporter/internal/collector/ap.go:836.35,838.4 1 1
github.com/umatare5/cisco-wnc-exporter/internal/collector/ap.go:839.3,839.46 1 1
github.com/umatare5/cisco-wnc-exporter/internal/collector/ap.go:841.2,841.17 1 1
github.com/umatare5/cisco-wnc-exporter/internal/collector/ap.go:844.74,846.34 2 1
github.com/umatare5/cisco-wnc-exporter/internal/collector/ap.go:846.34,848.3 1 1
github.com/umatare5/cisco-wnc-exporter/internal/collector/ap.go:849.2,849.16 1 1
github.com/umatare5/cisco-wnc-exporter/internal/collector/ap.go:852.96,854.43 2 1
github.com/umatare5/cisco-wnc-exporter/internal/collector/ap.go:854.43,857.3 2 1
github.com/umatare5/cisco-wnc-exporter/internal/collector/ap.go:858.2,858.23 1 1
github.com/umatare5/cisco-wnc-exporter/internal/collector/ap.go:861.107,863.40 2 1
github.com/umatare5/cisco-wnc-exporter/internal/collector/ap.go:863.40,864.35 1 1
github.com/umatare5/cisco-wnc-exporter/internal/collector/ap.go:864.35,866.4 1 1
github.com/umatare5/cisco-wnc-exporter/internal/collector/ap.go:867.3,867.61 1 1
github.com/umatare5/cisco-wnc-exporter/internal/collector/ap.go:869.2,869.17 1 1
github.com/umatare5/cisco-wnc-exporter/internal/collector/ap.go:872.85,874.39 2 1
github.com/umatare5/cisco-wnc-exporter/internal/collector/ap.go:874.39,877.3 2 1
github.com/umatare5/cisco-wnc-exporter/internal/collector/ap.go:878.2,878.20 1 1
github.com/umatare5/cisco-wnc-exporter/internal/collector/ap.go:881.97,883.37 2 1
github.com/umatare5/cisco-wnc-exporter/internal/collector/ap.go:883.37,886.3 2 1
github.com/umatare5/cisco-wnc-exporter/internal/collector/ap.go:887.2,887.17 1 1
github.com/umatare5/cisco-wnc-exporter/internal/collector/ap.go:891.60,892.23 1 1
github.com/umatare5/cisco-wnc-exporter/internal/collector/ap.go:892.23,894.3 1 1
github.com/umatare5/cisco-wnc-exporter/internal/collector/ap.go:896.2,897.16 2 1
github.com/umatare5/cisco-wnc-exporter/internal/collector/ap.go:897.16,899.3 1 1
github.com/umatare5/cisco-wnc-exporter/internal/collector/ap.go:901.2,902.32 2 1
github.com/umatare5/cisco-wnc-exporter/internal/collector/ap.go:905.53,907.2 1 1
github.com/umatare5/cisco-wnc-exporter/internal/collector/ap.go:910.69,912.16 2 1
github.com/umatare5/cisco-wnc-exporter/internal/collector/ap.go:912.16,914.3 1 1
github.com/umatare5/cisco-wnc-exporter/internal/collector/ap.go:916.2,917.37 2 1
github.com/umatare5/cisco-wnc-exporter/internal/collector/cache.go:29.112,35.2 1 1
github.com/umatare5/cisco-wnc-exporter/internal/collector/cache.go:38.67,40.2 1 1
github.com/umatare5/cisco-wnc-exporter/internal/collector/cache.go:44.67,47.12 2 1
github.com/umatare5/cisco-wnc-exporter/internal/collector/cache.go:47.12,50.3 2 1
github.com/umatare5/cisco-wnc-exporter/internal/collector/cache.go:53.2,56.29 3 1
github.com/umatare5/cisco-wnc-exporter/internal/collector/cache.go:56.29,57.27 1 1
github.com/umatare5/cisco-wnc-exporter/internal/collector/cache.go:57.27,59.4 1 1
github.com/umatare5/cisco-wnc-exporter/internal/collector/cache.go:59.9,61.4 1 1
github.com/umatare5/cisco-wnc-exporter/internal/collector/cache.go:65.2,65.40 1 1
github.com/umatare5/cisco-wnc-exporter/internal/collector/cache.go:65.40,67.3 1 1
github.com/umatare5/cisco-wnc-exporter/internal/collector/cache.go:70.2,70.26 1 1
github.com/umatare5/cisco-wnc-exporter/internal/collector/cache.go:70.26,71.81 1 1
github.com/umatare5/cisco-wnc-exporter/internal/collector/cache.go:71.81,73.4 1 1
github.com/umatare5/cisco-wnc-exporter/internal/collector/cache.go:74.3,74.17 1 1
github.com/umatare5/cisco-wnc-exporter/internal/collector/cache.go:74.17,75.45 1 1
github.com/umatare5/cisco-wnc-exporter/internal/collector/cache.go:75.45,77.5 1 1
github.com/umatare5/cisco-wnc-exporter/internal/collector/cache.go:83.50,90.2 3 1
github.com/umatare5/cisco-wnc-exporter/internal/collector/client.go:63.87,71.21 3 1
github.com/umatare5/cisco-wnc-exporter/internal/collector/client.go:71.21,92.3 4 1
github.com/umatare5/cisco-wnc-exporter/internal/collector/client.go:94.2,94.19 1 1
github.com/umatare5/cisco-wnc-exporter/internal/collector/client.go:94.19,125.3 6 1
github.com/umatare5/cisco-wnc-exporter/internal/collector/client.go:127.2,127.21 1 1
github.com/umatare5/cisco-wnc-exporter/internal/collector/client.go:127.21,148.3 4 1
github.com/umatare5/cisco-wnc-exporter/internal/collector/client.go:150.2,150.20 1 1
github.com/umatare5/cisco-wnc-exporter/internal/collector/client.go:150.20,211.3 12 1
github.com/umatare5/cisco-wnc-exporter/internal/collector/client.go:213.2,213.18 1 1
github.com/umatare5/cisco-wnc-exporter/internal/collector/client.go:213.18,225.3 3 1
github.com/umatare5/cisco-wnc-exporter/internal/collector/client.go:227.2,227.18 1 1
github.com/umatare5/cisco-wnc-exporter/internal/collector/client.go:230.57,232.2 1 1
github.com/umatare5/cisco-wnc-exporter/internal/collector/client.go:235.64,236.23 1 1
github.com/umatare5/cisco-wnc-exporter/internal/collector/client.go:236.23,241.3 4 1
github.com/umatare5/cisco-wnc-exporter/internal/collector/client.go:242.2,242.20 1 1
github.com/umatare5/cisco-wnc-exporter/internal/collector/client.go:242.20,244.3 1 1
github.com/umatare5/cisco-wnc-exporter/internal/collector/client.go:245.2,245.21 1 1
github.com/umatare5/cisco-wnc-exporter/internal/collector/client.go:245.21,252.3 6 1
github.com/umatare5/cisco-wnc-exporter/internal/collector/client.go:253.2,253.23 1 1
github.com/umatare5/cisco-wnc-exporter/internal/collector/client.go:253.23,258.3 4 1
github.com/umatare5/cisco-wnc-exporter/internal/collector/client.go:259.2,259.22 1 1
github.com/umatare5/cisco-wnc-exporter/internal/collector/client.go:259.22,272.3 12 1
github.com/umatare5/cisco-wnc-exporter/internal/collector/client.go:276.64,279.33 2 1
github.com/umatare5/cisco-wnc-exporter/internal/collector/client.go:279.33,281.3 1 1
github.com/umatare5/cisco-wnc-exporter/internal/collector/client.go:283.2,284.16 2 1
github.com/umatare5/cisco-wnc-exporter/internal/collector/client.go:284.16,287.3 2 1
github.com/umatare5/cisco-wnc-exporter/internal/collector/client.go:289.2,290.31 2 0
github.com/umatare5/cisco-wnc-exporter/internal/collector/client.go:290.31,292.17 2 0
github.com/umatare5/cisco-wnc-exporter/internal/collector/client.go:292.17,294.4 1 0
github.com/umatare5/cisco-wnc-exporter/internal/collector/client.go:295.3,295.41 1 0
github.com/umatare5/cisco-wnc-exporter/internal/collector/client.go:298.2,299.67 2 0
github.com/umatare5/cisco-wnc-exporter/internal/collector/client.go:299.67,301.17 2 0
github.com/umatare5/cisco-wnc-exporter/internal/collector/client.go:301.17,303.4 1 0
github.com/umatare5/cisco-wnc-exporter/internal/collector/client.go:304.3,304.38 1 0
github.com/umatare5/cisco-wnc-exporter/internal/collector/client.go:307.2,308.31 2 0
github.com/umatare5/cisco-wnc-exporter/internal/collector/client.go:308.31,310.17 2 0
github.com/umatare5/cisco-wnc-exporter/internal/collector/client.go:310.17,312.4 1 0
github.com/umatare5/cisco-wnc-exporter/internal/collector/client.go:313.3,313.37 1 0
github.com/umatare5/cisco-wnc-exporter/internal/collector/client.go:316.2,317.88 2 0
github.com/umatare5/cisco-wnc-exporter/internal/collector/client.go:317.88,319.17 2 0
github.com/umatare5/cisco-wnc-exporter/internal/collector/client.go:319.17,321.4 1 0
github.com/umatare5/cisco-wnc-exporter/internal/collector/client.go:322.3,322.45 1 0
github.com/umatare5/cisco-wnc-exporter/internal/collector/client.go:325.2,326.34 2 0
github.com/umatare5/cisco-wnc-exporter/internal/collector/client.go:326.34,328.17 2 0
github.com/umatare5/cisco-wnc-exporter/internal/collector/client.go:328.17,330.4 1 0
github.com/umatare5/cisco-wnc-exporter/internal/collector/client.go:331.3,331.47 1 0
github.com/umatare5/cisco-wnc-exporter/internal/collector/client.go:334.2,334.34 1 0
github.com/umatare5/cisco-wnc-exporter/internal/collector/client.go:334.34,335.38 1 0
github.com/umatare5/cisco-wnc-exporter/internal/collector/client.go:335.38,336.12 1 0
github.com/umatare5/cisco-wnc-exporter/internal/collector/client.go:338.3,338.24 1 0
github.com/umatare5/cisco-wnc-exporter/internal/collector/client.go:338.24,340.4 1 0
github.com/umatare5/cisco-wnc-exporter/internal/collector/client.go:341.3,341.22 1 0
github.com/umatare5/cisco-wnc-exporter/internal/collector/client.go:341.22,343.4 1 0
github.com/umatare5/cisco-wnc-exporter/internal/collector/client.go:344.3,344.24 1 0
github.com/umatare5/cisco-wnc-exporter/internal/collector/client.go:344.24,346.4 1 0
github.com/umatare5/cisco-wnc-exporter/internal/collector/client.go:347.3,347.23 1 0
github.com/umatare5/cisco-wnc-exporter/internal/collector/client.go:347.23,349.4 1 0
github.com/umatare5/cisco-wnc-exporter/internal/collector/client.go:350.3,350.21 1 0
github.com/umatare5/cisco-wnc-exporter/internal/collector/client.go:350.21,352.4 1 0
github.com/umatare5/cisco-wnc-exporter/internal/collector/client.go:363.3,375.33 5 1
github.com/umatare5/cisco-wnc-exporter/internal/collector/client.go:375.33,382.3 1 1
github.com/umatare5/cisco-wnc-exporter/internal/collector/client.go:391.3,405.33 5 1
github.com/umatare5/cisco-wnc-exporter/internal/collector/client.go:405.33,412.3 1 1
github.com/umatare5/cisco-wnc-exporter/internal/collector/client.go:420.3,431.33 4 1
github.com/umatare5/cisco-wnc-exporter/internal/collector/client.go:431.33,438.3 1 1
github.com/umatare5/cisco-wnc-exporter/internal/collector/client.go:446.3,476.33 9 1
github.com/umatare5/cisco-wnc-exporter/internal/collector/client.go:476.33,483.3 1 1
github.com/umatare5/cisco-wnc-exporter/internal/collector/client.go:493.3,504.41 8 1
github.com/umatare5/cisco-wnc-exporter/internal/collector/client.go:504.41,505.16 1 1
github.com/umatare5/cisco-wnc-exporter/internal/collector/client.go:506.17,507.30 1 1
github.com/umatare5/cisco-wnc-exporter/internal/collector/client.go:508.16,509.27 1 1
github.com/umatare5/cisco-wnc-exporter/internal/collector/client.go:510.18,511.20 1 1
github.com/umatare5/cisco-wnc-exporter/internal/collector/client.go:512.18,513.20 1 1
github.com/umatare5/cisco-wnc-exporter/internal/collector/client.go:514.18,515.20 1 1
github.com/umatare5/cisco-wnc-exporter/internal/collector/client.go:516.22,517.29 1 1
github.com/umatare5/cisco-wnc-exporter/internal/collector/client.go:518.18,519.20 1 1
github.com/umatare5/cisco-wnc-exporter/internal/collector/client.go:520.18,521.20 1 1
github.com/umatare5/cisco-wnc-exporter/internal/collector/client.go:522.11,523.18 1 0
github.com/umatare5/cisco-wnc-exporter/internal/collector/client.go:527.2,532.3 1 1
github.com/umatare5/cisco-wnc-exporter/internal/collector/client.go:535.74,537.36 2 1
github.com/umatare5/cisco-wnc-exporter/internal/collector/client.go:537.36,538.29 1 1
github.com/umatare5/cisco-wnc-exporter/internal/collector/client.go:538.29,540.4 1 1
github.com/umatare5/cisco-wnc-exporter/internal/collector/client.go:542.2,542.18 1 1
github.com/umatare5/cisco-wnc-exporter/internal/collector/client.go:545.86,547.34 2 1
github.com/umatare5/cisco-wnc-exporter/internal/collector/client.go:547.34,548.31 1 1
github.com/umatare5/cisco-wnc-exporter/internal/collector/client.go:548.31,550.4 1 1
github.com/umatare5/cisco-wnc-exporter/internal/collector/client.go:552.2,552.17 1 1
github.com/umatare5/cisco-wnc-exporter/internal/collector/client.go:555.78,557.34 2 1
github.com/umatare5/cisco-wnc-exporter/internal/collector/client.go:557.34,558.25 1 1
github.com/umatare5/cisco-wnc-exporter/internal/collector/client.go:558.25,560.4 1 1
github.com/umatare5/cisco-wnc-exporter/internal/collector/client.go:562.2,562.16 1 1
github.com/umatare5/cisco-wnc-exporter/internal/collector/client.go:565.89,567.39 2 1
github.com/umatare5/cisco-wnc-exporter/internal/collector/client.go:567.39,568.33 1 1
github.com/umatare5/cisco-wnc-exporter/internal/collector/client.go:568.33,570.4 1 1
github.com/umatare5/cisco-wnc-exporter/internal/collector/client.go:572.2,572.19 1 1
github.com/umatare5/cisco-wnc-exporter/internal/collector/client.go:575.100,577.40 2 1
github.com/umatare5/cisco-wnc-exporter/internal/collector/client.go:577.40,578.31 1 1
github.com/umatare5/cisco-wnc-exporter/internal/collector/client.go:578.31,580.4 1 1
github.com/umatare5/cisco-wnc-exporter/internal/collector/client.go:582.2,582.20 1 1
github.com/umatare5/cisco-wnc-exporter/internal/collector/client.go:586.94,587.38 1 1
github.com/umatare5/cisco-wnc-exporter/internal/collector/client.go:587.38,589.3 1 1
github.com/umatare5/cisco-wnc-exporter/internal/collector/client.go:590.2,590.11 1 1
github.com/umatare5/cisco-wnc-exporter/internal/collector/client.go:594.58,595.41 1 1
github.com/umatare5/cisco-wnc-exporter/internal/collector/client.go:595.41,597.3 1 1
github.com/umatare5/cisco-wnc-exporter/internal/collector/client.go:598.2,598.11 1 1
github.com/umatare5/cisco-wnc-exporter/internal/collector/client.go:602.58,603.47 1 1
github.com/umatare5/cisco-wnc-exporter/internal/collector/client.go:603.47,605.69 1 1
github.com/umatare5/cisco-wnc-exporter/internal/collector/client.go:605.69,607.4 1 1
github.com/umatare5/cisco-wnc-exporter/internal/collector/client.go:609.2,609.11 1 1
github.com/umatare5/cisco-wnc-exporter/internal/collector/client.go:613.105,616.48 2 1
github.com/umatare5/cisco-wnc-exporter/internal/collector/client.go:616.48,620.3 2 1
github.com/umatare5/cisco-wnc-exporter/internal/collector/client.go:621.2,621.12 1 1
github.com/umatare5/cisco-wnc-exporter/internal/collector/client.go:625.44,626.23 1 1
github.com/umatare5/cisco-wnc-exporter/internal/collector/client.go:626.23,628.3 1 1
github.com/umatare5/cisco-wnc-exporter/internal/collector/client.go:630.2,630.41 1 1
github.com/umatare5/cisco-wnc-exporter/internal/collector/client.go:630.41,634.51 3 1
github.com/umatare5/cisco-wnc-exporter/internal/collector/client.go:634.51,636.4 1 1
github.com/umatare5/cisco-wnc-exporter/internal/collector/client.go:639.2,639.11 1 1
github.com/umatare5/cisco-wnc-exporter/internal/collector/collector.go:34.50,42.2 2 1
github.com/umatare5/cisco-wnc-exporter/internal/collector/collector.go:45.53,47.2 1 1
github.com/umatare5/cisco-wnc-exporter/internal/collector/collector.go:50.43,54.2 3 1
github.com/umatare5/cisco-wnc-exporter/internal/collector/collector.go:57.55,67.2 3 1
github.com/umatare5/cisco-wnc-exporter/internal/collector/collector.go:70.48,71.47 1 1
github.com/umatare5/cisco-wnc-exporter/internal/collector/collector.go:71.47,74.3 2 1
github.com/umatare5/cisco-wnc-exporter/internal/collector/collector.go:75.2,75.52 1 1
github.com/umatare5/cisco-wnc-exporter/internal/collector/collector.go:75.52,78.3 2 1
github.com/umatare5/cisco-wnc-exporter/internal/collector/collector.go:82.49,90.4 1 1
github.com/umatare5/cisco-wnc-exporter/internal/collector/collector.go:90.4,95.3 4 1
github.com/umatare5/cisco-wnc-exporter/internal/collector/collector.go:95.8,97.3 1 1
github.com/umatare5/cisco-wnc-exporter/internal/collector/collector.go:100.2,105.4 1 1
github.com/umatare5/cisco-wnc-exporter/internal/collector/collector.go:105.4,109.3 3 1
github.com/umatare5/cisco-wnc-exporter/internal/collector/collector.go:109.8,111.3 1 1
github.com/umatare5/cisco-wnc-exporter/internal/collector/collector.go:114.2,120.4 1 1
github.com/umatare5/cisco-wnc-exporter/internal/collector/collector.go:120.4,123.3 2 1
github.com/umatare5/cisco-wnc-exporter/internal/collector/collector.go:123.8,125.3 1 1
github.com/umatare5/cisco-wnc-exporter/internal/collector/collector.go:129.120,141.30 3 1
github.com/umatare5/cisco-wnc-exporter/internal/collector/collector.go:141.30,143.3 1 0
github.com/umatare5/cisco-wnc-exporter/internal/collector/collector.go:145.2,146.39 2 1
github.com/umatare5/cisco-wnc-exporter/internal/collector/collector.go:150.101,161.32 3 1
github.com/umatare5/cisco-wnc-exporter/internal/collector/collector.go:161.32,163.3 1 0
github.com/umatare5/cisco-wnc-exporter/internal/collector/collector.go:165.2,166.41 2 1
github.com/umatare5/cisco-wnc-exporter/internal/collector/collector.go:170.76,182.34 3 1
github.com/umatare5/cisco-wnc-exporter/internal/collector/collector.go:182.34,184.3 1 0
github.com/umatare5/cisco-wnc-exporter/internal/collector/collector.go:186.2,187.43 2 1
github.com/umatare5/cisco-wnc-exporter/internal/collector/utils.go:51.39,52.15 1 1
github.com/umatare5/cisco-wnc-exporter/internal/collector/utils.go:53.23,54.31 1 1
github.com/umatare5/cisco-wnc-exporter/internal/collector/utils.go:55.37,56.11 1 1
github.com/umatare5/cisco-wnc-exporter/internal/collector/utils.go:57.10,58.11 1 1
github.com/umatare5/cisco-wnc-exporter/internal/collector/utils.go:63.88,64.9 1 1
github.com/umatare5/cisco-wnc-exporter/internal/collector/utils.go:65.43,66.19 1 1
github.com/umatare5/cisco-wnc-exporter/internal/collector/utils.go:67.44,68.20 1 1
github.com/umatare5/cisco-wnc-exporter/internal/collector/utils.go:69.44,70.20 1 1
github.com/umatare5/cisco-wnc-exporter/internal/collector/utils.go:71.78,72.20 1 1
github.com/umatare5/cisco-wnc-exporter/internal/collector/utils.go:73.44,74.18 1 1
github.com/umatare5/cisco-wnc-exporter/internal/collector/utils.go:74.18,76.4 1 1
github.com/umatare5/cisco-wnc-exporter/internal/collector/utils.go:77.3,77.21 1 1
github.com/umatare5/cisco-wnc-exporter/internal/collector/utils.go:78.80,79.21 1 1
github.com/umatare5/cisco-wnc-exporter/internal/collector/utils.go:80.58,81.21 1 1
github.com/umatare5/cisco-wnc-exporter/internal/collector/utils.go:82.10,83.25 1 1
github.com/umatare5/cisco-wnc-exporter/internal/collector/utils.go:87.42,88.17 1 1
github.com/umatare5/cisco-wnc-exporter/internal/collector/utils.go:88.17,90.3 1 1
github.com/umatare5/cisco-wnc-exporter/internal/collector/utils.go:91.2,91.65 1 1
github.com/umatare5/cisco-wnc-exporter/internal/collector/utils.go:91.65,93.3 1 1
github.com/umatare5/cisco-wnc-exporter/internal/collector/utils.go:94.2,94.10 1 1
github.com/umatare5/cisco-wnc-exporter/internal/collector/utils.go:97.36,98.7 1 1
github.com/umatare5/cisco-wnc-exporter/internal/collector/utils.go:98.7,100.3 1 1
github.com/umatare5/cisco-wnc-exporter/internal/collector/utils.go:101.2,101.12 1 1
github.com/umatare5/cisco-wnc-exporter/internal/collector/utils.go:105.91,109.40 3 1
github.com/umatare5/cisco-wnc-exporter/internal/collector/utils.go:109.40,110.82 1 1
github.com/umatare5/cisco-wnc-exporter/internal/collector/utils.go:110.82,112.4 1 1
github.com/umatare5/cisco-wnc-exporter/internal/collector/utils.go:115.2,115.15 1 1
github.com/umatare5/cisco-wnc-exporter/internal/collector/utils.go:119.75,122.44 2 1
github.com/umatare5/cisco-wnc-exporter/internal/collector/utils.go:122.44,123.74 1 1
github.com/umatare5/cisco-wnc-exporter/internal/collector/utils.go:123.74,125.4 1 1
github.com/umatare5/cisco-wnc-exporter/internal/collector/utils.go:128.2,128.13 1 1
github.com/umatare5/cisco-wnc-exporter/internal/collector/utils.go:132.47,133.19 1 1
github.com/umatare5/cisco-wnc-exporter/internal/collector/utils.go:135.90,136.24 1 1
github.com/umatare5/cisco-wnc-exporter/internal/collector/utils.go:138.115,139.23 1 1
github.com/umatare5/cisco-wnc-exporter/internal/collector/utils.go:140.34,141.23 1 1
github.com/umatare5/cisco-wnc-exporter/internal/collector/utils.go:142.10,143.11 1 1
github.com/umatare5/cisco-wnc-exporter/internal/collector/utils.go:148.49,149.21 1 1
github.com/umatare5/cisco-wnc-exporter/internal/collector/utils.go:150.22,151.19 1 1
github.com/umatare5/cisco-wnc-exporter/internal/collector/utils.go:152.21,153.18 1 1
github.com/umatare5/cisco-wnc-exporter/internal/collector/utils.go:154.21,155.18 1 1
github.com/umatare5/cisco-wnc-exporter/internal/collector/utils.go:156.10,157.21 1 1
github.com/umatare5/cisco-wnc-exporter/internal/collector/utils.go:162.36,163.32 1 1
github.com/umatare5/cisco-wnc-exporter/internal/collector/utils.go:163.32,164.14 1 1
github.com/umatare5/cisco-wnc-exporter/internal/collector/utils.go:164.14,166.4 1 1
github.com/umatare5/cisco-wnc-exporter/internal/collector/utils.go:168.2,168.14 1 1
github.com/umatare5/cisco-wnc-exporter/internal/collector/wlan.go:53.107,62.21 3 1
github.com/umatare5/cisco-wnc-exporter/internal/collector/wlan.go:62.21,68.3 1 1
github.com/umatare5/cisco-wnc-exporter/internal/collector/wlan.go:70.2,70.21 1 1
github.com/umatare5/cisco-wnc-exporter/internal/collector/wlan.go:70.21,86.3 3 1
github.com/umatare5/cisco-wnc-exporter/internal/collector/wlan.go:88.2,88.20 1 1
github.com/umatare5/cisco-wnc-exporter/internal/collector/wlan.go:88.20,154.3 13 1
github.com/umatare5/cisco-wnc-exporter/internal/collector/wlan.go:156.2,156.18 1 1
github.com/umatare5/cisco-wnc-exporter/internal/collector/wlan.go:156.18,166.3 5 1
github.com/umatare5/cisco-wnc-exporter/internal/collector/wlan.go:168.2,168.18 1 1
github.com/umatare5/cisco-wnc-exporter/internal/collector/wlan.go:172.62,173.23 1 1
github.com/umatare5/cisco-wnc-exporter/internal/collector/wlan.go:173.23,175.3 1 1
github.com/umatare5/cisco-wnc-exporter/internal/collector/wlan.go:176.2,176.23 1 1
github.com/umatare5/cisco-wnc-exporter/internal/collector/wlan.go:176.23,180.3 3 1
github.com/umatare5/cisco-wnc-exporter/internal/collector/wlan.go:181.2,181.22 1 1
github.com/umatare5/cisco-wnc-exporter/internal/collector/wlan.go:181.22,195.3 13 1
github.com/umatare5/cisco-wnc-exporter/internal/collector/wlan.go:196.2,196.20 1 1
github.com/umatare5/cisco-wnc-exporter/internal/collector/wlan.go:196.20,198.3 1 1
github.com/umatare5/cisco-wnc-exporter/internal/collector/wlan.go:202.62,205.33 2 1
github.com/umatare5/cisco-wnc-exporter/internal/collector/wlan.go:205.33,207.3 1 1
github.com/umatare5/cisco-wnc-exporter/internal/collector/wlan.go:209.2,210.16 2 1
github.com/umatare5/cisco-wnc-exporter/internal/collector/wlan.go:210.16,213.3 2 1
github.com/umatare5/cisco-wnc-exporter/internal/collector/wlan.go:215.2,216.33 2 0
github.com/umatare5/cisco-wnc-exporter/internal/collector/wlan.go:216.33,218.17 2 0
github.com/umatare5/cisco-wnc-exporter/internal/collector/wlan.go:218.17,220.4 1 0
github.com/umatare5/cisco-wnc-exporter/internal/collector/wlan.go:222.3,223.17 2 0
github.com/umatare5/cisco-wnc-exporter/internal/collector/wlan.go:223.17,225.4 1 0
github.com/umatare5/cisco-wnc-exporter/internal/collector/wlan.go:227.3,227.74 1 0
github.com/umatare5/cisco-wnc-exporter/internal/collector/wlan.go:230.2,231.34 2 0
github.com/umatare5/cisco-wnc-exporter/internal/collector/wlan.go:231.34,233.17 2 0
github.com/umatare5/cisco-wnc-exporter/internal/collector/wlan.go:233.17,235.4 1 0
github.com/umatare5/cisco-wnc-exporter/internal/collector/wlan.go:237.3,238.17 2 0
github.com/umatare5/cisco-wnc-exporter/internal/collector/wlan.go:238.17,240.4 1 0
github.com/umatare5/cisco-wnc-exporter/internal/collector/wlan.go:242.3,242.60 1 0
github.com/umatare5/cisco-wnc-exporter/internal/collector/wlan.go:245.2,245.42 1 0
github.com/umatare5/cisco-wnc-exporter/internal/collector/wlan.go:245.42,246.24 1 0
github.com/umatare5/cisco-wnc-exporter/internal/collector/wlan.go:246.24,248.4 1 0
github.com/umatare5/cisco-wnc-exporter/internal/collector/wlan.go:249.3,249.24 1 0
github.com/umatare5/cisco-wnc-exporter/internal/collector/wlan.go:249.24,251.4 1 0
github.com/umatare5/cisco-wnc-exporter/internal/collector/wlan.go:252.3,252.23 1 0
github.com/umatare5/cisco-wnc-exporter/internal/collector/wlan.go:252.23,254.4 1 0
github.com/umatare5/cisco-wnc-exporter/internal/collector/wlan.go:255.3,255.21 1 0
github.com/umatare5/cisco-wnc-exporter/internal/collector/wlan.go:255.21,257.4 1 0
github.com/umatare5/cisco-wnc-exporter/internal/collector/wlan.go:265.3,272.33 3 1
github.com/umatare5/cisco-wnc-exporter/internal/collector/wlan.go:272.33,279.3 1 1
github.com/umatare5/cisco-wnc-exporter/internal/collector/wlan.go:287.3,303.33 5 1
github.com/umatare5/cisco-wnc-exporter/internal/collector/wlan.go:303.33,310.3 1 1
github.com/umatare5/cisco-wnc-exporter/internal/collector/wlan.go:326.3,346.33 4 1
github.com/umatare5/cisco-wnc-exporter/internal/collector/wlan.go:346.33,353.3 1 1
github.com/umatare5/cisco-wnc-exporter/internal/collector/wlan.go:360.3,373.2 4 1
github.com/umatare5/cisco-wnc-exporter/internal/collector/wlan.go:379.21,382.46 2 1
github.com/umatare5/cisco-wnc-exporter/internal/collector/wlan.go:382.46,384.3 1 1
github.com/umatare5/cisco-wnc-exporter/internal/collector/wlan.go:386.2,387.39 2 1
github.com/umatare5/cisco-wnc-exporter/internal/collector/wlan.go:387.39,388.33 1 1
github.com/umatare5/cisco-wnc-exporter/internal/collector/wlan.go:388.33,390.4 1 1
github.com/umatare5/cisco-wnc-exporter/internal/collector/wlan.go:393.2,393.40 1 1
github.com/umatare5/cisco-wnc-exporter/internal/collector/wlan.go:393.40,394.44 1 1
github.com/umatare5/cisco-wnc-exporter/internal/collector/wlan.go:394.44,395.12 1 1
github.com/umatare5/cisco-wnc-exporter/internal/collector/wlan.go:398.3,403.58 4 1
github.com/umatare5/cisco-wnc-exporter/internal/collector/wlan.go:403.58,408.4 4 1
github.com/umatare5/cisco-wnc-exporter/internal/collector/wlan.go:410.3,410.28 1 1
github.com/umatare5/cisco-wnc-exporter/internal/collector/wlan.go:413.2,413.18 1 1
github.com/umatare5/cisco-wnc-exporter/internal/collector/wlan.go:417.76,426.35 4 1
github.com/umatare5/cisco-wnc-exporter/internal/collector/wlan.go:426.35,427.47 1 1
github.com/umatare5/cisco-wnc-exporter/internal/collector/wlan.go:427.47,429.4 1 1
github.com/umatare5/cisco-wnc-exporter/internal/collector/wlan.go:429.9,431.4 1 1
github.com/umatare5/cisco-wnc-exporter/internal/collector/wlan.go:434.2,434.15 1 1
github.com/umatare5/cisco-wnc-exporter/internal/collector/wlan.go:441.31,444.30 2 1
github.com/umatare5/cisco-wnc-exporter/internal/collector/wlan.go:444.30,447.3 2 1
github.com/umatare5/cisco-wnc-exporter/internal/collector/wlan.go:450.2,451.42 2 1
github.com/umatare5/cisco-wnc-exporter/internal/collector/wlan.go:451.42,452.32 1 1
github.com/umatare5/cisco-wnc-exporter/internal/collector/wlan.go:452.32,453.58 1 1
github.com/umatare5/cisco-wnc-exporter/internal/collector/wlan.go:453.58,454.71 1 1
github.com/umatare5/cisco-wnc-exporter/internal/collector/wlan.go:454.71,456.6 1 1
github.com/umatare5/cisco-wnc-exporter/internal/collector/wlan.go:461.2,461.24 1 1
github.com/umatare5/cisco-wnc-exporter/internal/collector/wlan.go:465.66,466.72 1 1
github.com/umatare5/cisco-wnc-exporter/internal/collector/wlan.go:466.72,468.3 1 1
github.com/umatare5/cisco-wnc-exporter/internal/collector/wlan.go:469.2,469.10 1 1
github.com/umatare5/cisco-wnc-exporter/internal/collector/wlan.go:473.60,474.72 1 1
github.com/umatare5/cisco-wnc-exporter/internal/collector/wlan.go:474.72,476.3 1 1
github.com/umatare5/cisco-wnc-exporter/internal/collector/wlan.go:477.2,477.30 1 1
github.com/umatare5/cisco-wnc-exporter/internal/collector/wlan.go:481.59,482.48 1 1
github.com/umatare5/cisco-wnc-exporter/internal/collector/wlan.go:482.48,484.3 1 1
github.com/umatare5/cisco-wnc-exporter/internal/collector/wlan.go:485.2,485.10 1 1
github.com/umatare5/cisco-wnc-exporter/internal/collector/wlan.go:488.70,489.56 1 1
github.com/umatare5/cisco-wnc-exporter/internal/collector/wlan.go:489.56,491.3 1 1
github.com/umatare5/cisco-wnc-exporter/internal/collector/wlan.go:492.2,492.10 1 1
github.com/umatare5/cisco-wnc-exporter/internal/collector/wlan.go:495.75,496.56 1 1
github.com/umatare5/cisco-wnc-exporter/internal/collector/wlan.go:496.56,498.3 1 1
github.com/umatare5/cisco-wnc-exporter/internal/collector/wlan.go:499.2,499.10 1 1
github.com/umatare5/cisco-wnc-exporter/internal/collector/wlan.go:502.65,503.56 1 1
github.com/umatare5/cisco-wnc-exporter/internal/collector/wlan.go:503.56,505.3 1 1
github.com/umatare5/cisco-wnc-exporter/internal/collector/wlan.go:506.2,506.10 1 1
github.com/umatare5/cisco-wnc-exporter/internal/collector/wlan.go:509.72,510.56 1 1
github.com/umatare5/cisco-wnc-exporter/internal/collector/wlan.go:510.56,512.3 1 1
github.com/umatare5/cisco-wnc-exporter/internal/collector/wlan.go:513.2,513.10 1 1
github.com/umatare5/cisco-wnc-exporter/internal/collector/wlan.go:516.55,518.2 1 1
github.com/umatare5/cisco-wnc-exporter/internal/server/lifecycle.go:28.95,36.2 3 1
github.com/umatare5/cisco-wnc-exporter/internal/server/lifecycle.go:40.83,53.2 5 0
github.com/umatare5/cisco-wnc-exporter/internal/server/lifecycle.go:57.60,64.12 4 1
github.com/umatare5/cisco-wnc-exporter/internal/server/lifecycle.go:64.12,66.52 2 1
github.com/umatare5/cisco-wnc-exporter/internal/server/lifecycle.go:66.52,68.4 1 1
github.com/umatare5/cisco-wnc-exporter/internal/server/lifecycle.go:72.2,72.9 1 1
github.com/umatare5/cisco-wnc-exporter/internal/server/lifecycle.go:73.20,74.40 1 1
github.com/umatare5/cisco-wnc-exporter/internal/server/lifecycle.go:75.22,76.13 1 0
github.com/umatare5/cisco-wnc-exporter/internal/server/lifecycle.go:80.2,83.56 3 1
github.com/umatare5/cisco-wnc-exporter/internal/server/lifecycle.go:83.56,86.3 2 0
github.com/umatare5/cisco-wnc-exporter/internal/server/lifecycle.go:88.2,89.12 2 1
github.com/umatare5/cisco-wnc-exporter/internal/server/server.go:13.62,21.74 3 1
github.com/umatare5/cisco-wnc-exporter/internal/server/server.go:21.74,25.3 3 1
github.com/umatare5/cisco-wnc-exporter/internal/server/server.go:27.2,27.67 1 1
github.com/umatare5/cisco-wnc-exporter/internal/server/server.go:27.67,38.3 3 1
github.com/umatare5/cisco-wnc-exporter/internal/server/server.go:40.2,44.3 1 1
github.com/umatare5/cisco-wnc-exporter/internal/cli/main.go:18.28,24.61 1 0
github.com/umatare5/cisco-wnc-exporter/internal/cli/main.go:24.61,26.18 2 0
github.com/umatare5/cisco-wnc-exporter/internal/cli/main.go:26.18,29.5 2 0
github.com/umatare5/cisco-wnc-exporter/internal/cli/main.go:31.4,33.18 2 0
github.com/umatare5/cisco-wnc-exporter/internal/cli/main.go:33.18,36.5 2 0
github.com/umatare5/cisco-wnc-exporter/internal/cli/main.go:38.4,38.55 1 0
github.com/umatare5/cisco-wnc-exporter/internal/cli/main.go:42.2,42.63 1 0
github.com/umatare5/cisco-wnc-exporter/internal/cli/main.go:42.63,45.3 2 0
github.com/umatare5/cisco-wnc-exporter/internal/cli/main.go:46.2,46.12 1 0
github.com/umatare5/cisco-wnc-exporter/internal/cli/main.go:50.33,62.2 11 1
github.com/umatare5/cisco-wnc-exporter/internal/cli/main.go:65.36,83.2 1 1
github.com/umatare5/cisco-wnc-exporter/internal/cli/main.go:86.36,117.2 1 1
github.com/umatare5/cisco-wnc-exporter/internal/cli/main.go:120.42,129.2 1 1
github.com/umatare5/cisco-wnc-exporter/internal/cli/main.go:132.44,174.2 1 1
github.com/umatare5/cisco-wnc-exporter/internal/cli/main.go:177.46,213.2 1 1
github.com/umatare5/cisco-wnc-exporter/internal/cli/main.go:216.48,258.2 1 1
github.com/umatare5/cisco-wnc-exporter/internal/cli/main.go:261.36,274.2 1 1
github.com/umatare5/cisco-wnc-exporter/internal/cli/main.go:277.50,292.2 1 1
github.com/umatare5/cisco-wnc-exporter/internal/cli/main.go:295.40,303.2 1 1
github.com/umatare5/cisco-wnc-exporter/internal/cli/version.go:6.26,8.2 1 1
github.com/umatare5/cisco-wnc-exporter/cmd/main.go:9.13,11.2 1 1
